<?xml version="1.0" encoding="UTF-8"?>
<testsuites name="jest tests" tests="7" failures="0" time="2.25">
  <testsuite name="icon用例" errors="0" failures="0" skipped="0" timestamp="2019-05-13T08:20:38" time="1.262" tests="2">
    <testcase classname="icon用例 render successfully" name="icon用例 render successfully" time="0.02">
    </testcase>
    <testcase classname="icon用例 onClick" name="icon用例 onClick" time="0.038">
    </testcase>
  </testsuite>
  <testsuite name="button用例" errors="0" failures="0" skipped="0" timestamp="2019-05-13T08:20:39" time="0.107" tests="1">
    <testcase classname="button用例 是div" name="button用例 是div" time="0.002">
    </testcase>
  </testsuite>
  <testsuite name="classes test" errors="0" failures="0" skipped="0" timestamp="2019-05-13T08:20:39" time="0.1" tests="4">
    <testcase classname="classes test 接受一个className" name="classes test 接受一个className" time="0.001">
    </testcase>
    <testcase classname="classes test 接受2个className" name="classes test 接受2个className" time="0.001">
    </testcase>
    <testcase classname="classes test 接受3个className" name="classes test 接受3个className" time="0">
    </testcase>
    <testcase classname="classes test xx" name="classes test xx" time="0">
    </testcase>
  </testsuite>
</testsuites>